2008-11-21 13:04:42 Warning: Warning (2): unlink(/Data/Code/synapse/www/tmp/cache/persistent/cake_core_file_map) [<a href='http://php.net/function.unlink'>function.unlink</a>]: No such file or directory in [CORE/cake/libs/file.php, line 278]
2008-11-21 13:04:43 Warning: Warning (2): unlink(/Data/Code/synapse/www/tmp/cache/persistent/cake_core_object_map) [<a href='http://php.net/function.unlink'>function.unlink</a>]: No such file or directory in [CORE/cake/libs/file.php, line 278]
2008-11-21 13:04:43 Warning: Warning (2): unlink(/Data/Code/synapse/www/tmp/cache/models/cake_model_default_products) [<a href='http://php.net/function.unlink'>function.unlink</a>]: No such file or directory in [CORE/cake/libs/file.php, line 278]
2008-11-21 13:04:43 Warning: Warning (2): unlink(/Data/Code/synapse/www/tmp/cache/models/cake_model_default_attachments) [<a href='http://php.net/function.unlink'>function.unlink</a>]: No such file or directory in [CORE/cake/libs/file.php, line 278]
2008-11-21 13:04:43 Warning: Warning (2): unlink(/Data/Code/synapse/www/tmp/cache/models/cake_model_default_contacts) [<a href='http://php.net/function.unlink'>function.unlink</a>]: No such file or directory in [CORE/cake/libs/file.php, line 278]
2008-11-21 13:04:43 Warning: Warning (2): fopen(/Data/Code/synapse/www/tmp/cache/models/cake_model_default_products_product_categories) [<a href='http://php.net/function.fopen'>function.fopen</a>]: failed to open stream: No such file or directory in [CORE/cake/libs/file.php, line 146]
2008-11-21 13:04:43 Warning: Warning (2): unlink(/Data/Code/synapse/www/tmp/cache/models/cake_model_default_specs) [<a href='http://php.net/function.unlink'>function.unlink</a>]: No such file or directory in [CORE/cake/libs/file.php, line 278]
2008-11-23 17:03:31 Warning: Warning (2): fopen(/Data/Code/synapse/www/tmp/cache/persistent/cake_core_file_map) [<a href='http://php.net/function.fopen'>function.fopen</a>]: failed to open stream: No such file or directory in [CORE/cake/libs/file.php, line 146]
2008-11-23 18:52:30 Warning: Warning (2): mysql_connect() [<a href='http://php.net/function.mysql-connect'>function.mysql-connect</a>]: Access denied for user 'synapse'@'localhost' (using password: YES) in [CORE/cake/libs/model/datasources/dbo/dbo_mysql.php, line 117]
2008-11-23 18:52:30 Warning: Warning (2): mysql_select_db(): supplied argument is not a valid MySQL-Link resource in [CORE/cake/libs/model/datasources/dbo/dbo_mysql.php, line 122]
2008-11-23 18:52:30 Warning: Warning (2): mysql_get_server_info(): supplied argument is not a valid MySQL-Link resource in [CORE/cake/libs/model/datasources/dbo/dbo_mysql.php, line 130]
2008-11-23 18:52:30 Warning: Warning (2): mysql_query(): supplied argument is not a valid MySQL-Link resource in [CORE/cake/libs/model/datasources/dbo/dbo_mysql.php, line 152]
2008-11-23 18:52:30 Warning: Warning (2): mysql_errno(): supplied argument is not a valid MySQL-Link resource in [CORE/cake/libs/model/datasources/dbo/dbo_mysql.php, line 329]
2008-11-23 18:52:30 Warning: Warning (2): Invalid argument supplied for foreach() in [CORE/cake/libs/model/datasources/dbo/dbo_mysql.php, line 192]
2008-11-23 18:52:37 Warning: Warning (2): mysql_connect() [<a href='http://php.net/function.mysql-connect'>function.mysql-connect</a>]: Access denied for user 'synapse'@'localhost' (using password: YES) in [CORE/cake/libs/model/datasources/dbo/dbo_mysql.php, line 117]
2008-11-23 18:52:37 Warning: Warning (2): mysql_select_db(): supplied argument is not a valid MySQL-Link resource in [CORE/cake/libs/model/datasources/dbo/dbo_mysql.php, line 122]
2008-11-23 18:52:37 Warning: Warning (2): mysql_get_server_info(): supplied argument is not a valid MySQL-Link resource in [CORE/cake/libs/model/datasources/dbo/dbo_mysql.php, line 130]
2008-11-23 18:53:24 Warning: Warning (2): mysql_connect() [<a href='http://php.net/function.mysql-connect'>function.mysql-connect</a>]: Access denied for user 'synapse'@'localhost' (using password: YES) in [CORE/cake/libs/model/datasources/dbo/dbo_mysql.php, line 117]
2008-11-23 18:53:24 Warning: Warning (2): mysql_select_db(): supplied argument is not a valid MySQL-Link resource in [CORE/cake/libs/model/datasources/dbo/dbo_mysql.php, line 122]
2008-11-23 18:53:24 Warning: Warning (2): mysql_get_server_info(): supplied argument is not a valid MySQL-Link resource in [CORE/cake/libs/model/datasources/dbo/dbo_mysql.php, line 130]
2008-11-23 18:53:24 Warning: Warning (2): mysql_query(): supplied argument is not a valid MySQL-Link resource in [CORE/cake/libs/model/datasources/dbo/dbo_mysql.php, line 152]
2008-11-24 04:21:48 Warning: Warning (2): unlink(/Data/Code/synapse/www/tmp/cache/models/cake_model_default_contacts_quotes) [<a href='http://php.net/function.unlink'>function.unlink</a>]: No such file or directory in [CORE/cake/libs/file.php, line 278]
2008-11-24 11:36:18 Warning: Warning (2): unlink(/Data/Code/synapse/www/tmp/cache/persistent/cake_core_core_paths) [<a href='http://php.net/function.unlink'>function.unlink</a>]: No such file or directory in [CORE/cake/libs/file.php, line 278]
2008-11-24 11:36:18 Warning: Warning (2): unlink(/Data/Code/synapse/www/tmp/cache/persistent/cake_core_object_map) [<a href='http://php.net/function.unlink'>function.unlink</a>]: No such file or directory in [CORE/cake/libs/file.php, line 278]
2008-11-24 11:36:19 Warning: Warning (2): unlink(/Data/Code/synapse/www/tmp/cache/models/cake_model_default_synapse_list) [<a href='http://php.net/function.unlink'>function.unlink</a>]: No such file or directory in [CORE/cake/libs/file.php, line 278]
2008-11-24 11:36:19 Warning: Warning (2): unlink(/Data/Code/synapse/www/tmp/cache/models/cake_model_default_products) [<a href='http://php.net/function.unlink'>function.unlink</a>]: No such file or directory in [CORE/cake/libs/file.php, line 278]
2008-11-24 11:36:19 Warning: Warning (2): unlink(/Data/Code/synapse/www/tmp/cache/models/cake_model_default_quotes) [<a href='http://php.net/function.unlink'>function.unlink</a>]: No such file or directory in [CORE/cake/libs/file.php, line 278]
2008-11-24 11:36:19 Warning: Warning (2): unlink(/Data/Code/synapse/www/tmp/cache/models/cake_model_default_vendors) [<a href='http://php.net/function.unlink'>function.unlink</a>]: No such file or directory in [CORE/cake/libs/file.php, line 278]
2008-11-24 11:36:19 Warning: Warning (2): unlink(/Data/Code/synapse/www/tmp/cache/models/cake_model_default_contacts) [<a href='http://php.net/function.unlink'>function.unlink</a>]: No such file or directory in [CORE/cake/libs/file.php, line 278]
2008-11-24 11:36:19 Warning: Warning (2): unlink(/Data/Code/synapse/www/tmp/cache/models/cake_model_default_users) [<a href='http://php.net/function.unlink'>function.unlink</a>]: No such file or directory in [CORE/cake/libs/file.php, line 278]
2008-11-24 11:36:19 Warning: Warning (2): unlink(/Data/Code/synapse/www/tmp/cache/models/cake_model_default_contacts_quotes) [<a href='http://php.net/function.unlink'>function.unlink</a>]: No such file or directory in [CORE/cake/libs/file.php, line 278]
2008-11-24 11:36:19 Warning: Warning (2): unlink(/Data/Code/synapse/www/tmp/cache/models/cake_model_default_product_categories) [<a href='http://php.net/function.unlink'>function.unlink</a>]: No such file or directory in [CORE/cake/libs/file.php, line 278]
2008-11-24 11:36:19 Warning: Warning (2): unlink(/Data/Code/synapse/www/tmp/cache/models/cake_model_default_product_groups) [<a href='http://php.net/function.unlink'>function.unlink</a>]: No such file or directory in [CORE/cake/libs/file.php, line 278]
2008-11-24 11:36:19 Warning: Warning (2): fopen(/Data/Code/synapse/www/tmp/cache/models/cake_model_default_products_product_groups) [<a href='http://php.net/function.fopen'>function.fopen</a>]: failed to open stream: No such file or directory in [CORE/cake/libs/file.php, line 146]
2008-11-24 11:36:19 Warning: Warning (2): unlink(/Data/Code/synapse/www/tmp/cache/models/cake_model_default_product_tags) [<a href='http://php.net/function.unlink'>function.unlink</a>]: No such file or directory in [CORE/cake/libs/file.php, line 278]
2008-11-24 11:36:19 Warning: Warning (2): unlink(/Data/Code/synapse/www/tmp/cache/models/cake_model_default_specs) [<a href='http://php.net/function.unlink'>function.unlink</a>]: No such file or directory in [CORE/cake/libs/file.php, line 278]
2008-11-24 11:36:19 Warning: Warning (2): unlink(/Data/Code/synapse/www/tmp/cache/models/cake_model_default_products_vendors) [<a href='http://php.net/function.unlink'>function.unlink</a>]: No such file or directory in [CORE/cake/libs/file.php, line 278]
2008-11-24 13:31:22 Warning: Warning (2): mysql_connect() [<a href='http://php.net/function.mysql-connect'>function.mysql-connect</a>]: Access denied for user 'synapse'@'localhost' (using password: YES) in [CORE/cake/libs/model/datasources/dbo/dbo_mysql.php, line 117]
2008-11-24 13:31:22 Warning: Warning (2): mysql_select_db(): supplied argument is not a valid MySQL-Link resource in [CORE/cake/libs/model/datasources/dbo/dbo_mysql.php, line 122]
2008-11-24 13:31:22 Warning: Warning (2): mysql_get_server_info(): supplied argument is not a valid MySQL-Link resource in [CORE/cake/libs/model/datasources/dbo/dbo_mysql.php, line 130]
2008-11-29 05:01:21 Warning: Warning (2): Missing argument 1 for ContactsController::getContact(), called in /Data/Code/synapse/cake/libs/object.php on line 114 and defined in [APP/controllers/contacts_controller.php, line 41]
2008-11-29 05:04:29 Warning: Warning (2): Missing argument 1 for ContactsController::getContact(), called in /Data/Code/synapse/cake/libs/object.php on line 114 and defined in [APP/controllers/contacts_controller.php, line 41]
2008-11-29 05:10:18 Warning: Warning (2): Missing argument 1 for ContactsController::getContact(), called in /Data/Code/synapse/cake/libs/object.php on line 114 and defined in [APP/controllers/contacts_controller.php, line 41]
2008-11-29 05:10:28 Warning: Warning (2): Missing argument 1 for ContactsController::getContact(), called in /Data/Code/synapse/cake/libs/object.php on line 114 and defined in [APP/controllers/contacts_controller.php, line 41]
2008-11-29 05:12:32 Warning: Warning (2): Missing argument 1 for ContactsController::getContact(), called in /Data/Code/synapse/cake/libs/object.php on line 114 and defined in [APP/controllers/contacts_controller.php, line 41]
2008-11-29 05:19:59 Warning: Warning (2): Missing argument 1 for ContactsController::getContact(), called in /Data/Code/synapse/cake/libs/object.php on line 114 and defined in [APP/controllers/contacts_controller.php, line 41]
2008-11-29 05:24:03 Warning: Warning (2): Missing argument 1 for ContactsController::getContact(), called in /Data/Code/synapse/cake/libs/object.php on line 114 and defined in [APP/controllers/contacts_controller.php, line 41]
2008-11-29 05:28:37 Warning: Warning (2): Missing argument 1 for ContactsController::getContact(), called in /Data/Code/synapse/cake/libs/object.php on line 114 and defined in [APP/controllers/contacts_controller.php, line 41]
2008-11-29 05:29:21 Warning: Warning (2): Missing argument 1 for ContactsController::getContact(), called in /Data/Code/synapse/cake/libs/object.php on line 114 and defined in [APP/controllers/contacts_controller.php, line 41]
2008-11-29 05:31:59 Warning: Warning (2): Missing argument 1 for ContactsController::getContact(), called in /Data/Code/synapse/cake/libs/object.php on line 114 and defined in [APP/controllers/contacts_controller.php, line 41]
2008-11-29 15:14:58 Warning: Warning (2): Missing argument 1 for ContactsController::getContact(), called in /Data/Code/synapse/cake/libs/object.php on line 114 and defined in [APP/controllers/contacts_controller.php, line 41]
2008-11-29 15:25:04 Warning: Warning (2): Missing argument 1 for ContactsController::getContact(), called in /Data/Code/synapse/cake/libs/object.php on line 114 and defined in [APP/controllers/contacts_controller.php, line 41]
2008-11-29 17:23:00 Warning: Warning (2): fopen(/Data/Code/synapse/www/tmp/cache/models/cake_model_default_product_tags) [<a href='http://php.net/function.fopen'>function.fopen</a>]: failed to open stream: No such file or directory in [CORE/cake/libs/file.php, line 146]
2008-11-29 17:25:57 Warning: Warning (2): mysql_connect() [<a href='http://php.net/function.mysql-connect'>function.mysql-connect</a>]: Access denied for user 'synapse'@'localhost' (using password: YES) in [CORE/cake/libs/model/datasources/dbo/dbo_mysql.php, line 117]
2008-11-29 17:25:57 Warning: Warning (2): mysql_select_db(): supplied argument is not a valid MySQL-Link resource in [CORE/cake/libs/model/datasources/dbo/dbo_mysql.php, line 122]
2008-11-29 17:25:57 Warning: Warning (2): mysql_get_server_info(): supplied argument is not a valid MySQL-Link resource in [CORE/cake/libs/model/datasources/dbo/dbo_mysql.php, line 130]
2008-11-29 17:25:57 Warning: Warning (2): mysql_query(): supplied argument is not a valid MySQL-Link resource in [CORE/cake/libs/model/datasources/dbo/dbo_mysql.php, line 152]
2008-11-29 17:25:57 Warning: Warning (2): mysql_connect() [<a href='http://php.net/function.mysql-connect'>function.mysql-connect</a>]: Access denied for user 'synapse'@'localhost' (using password: YES) in [CORE/cake/libs/model/datasources/dbo/dbo_mysql.php, line 117]
2008-11-29 17:25:57 Warning: Warning (2): mysql_select_db(): supplied argument is not a valid MySQL-Link resource in [CORE/cake/libs/model/datasources/dbo/dbo_mysql.php, line 122]
2008-11-29 17:25:57 Warning: Warning (2): mysql_get_server_info(): supplied argument is not a valid MySQL-Link resource in [CORE/cake/libs/model/datasources/dbo/dbo_mysql.php, line 130]
2008-11-29 17:25:58 Warning: Warning (2): mysql_query(): supplied argument is not a valid MySQL-Link resource in [CORE/cake/libs/model/datasources/dbo/dbo_mysql.php, line 152]
2008-11-29 17:25:58 Warning: Warning (2): mysql_errno(): supplied argument is not a valid MySQL-Link resource in [CORE/cake/libs/model/datasources/dbo/dbo_mysql.php, line 329]
2008-11-29 17:25:58 Warning: Warning (2): Invalid argument supplied for foreach() in [CORE/cake/libs/model/datasources/dbo/dbo_mysql.php, line 192]
2008-11-29 17:25:58 Warning: Warning (2): mysql_connect() [<a href='http://php.net/function.mysql-connect'>function.mysql-connect</a>]: Access denied for user 'synapse'@'localhost' (using password: YES) in [CORE/cake/libs/model/datasources/dbo/dbo_mysql.php, line 117]
2008-11-29 17:25:58 Warning: Warning (2): mysql_select_db(): supplied argument is not a valid MySQL-Link resource in [CORE/cake/libs/model/datasources/dbo/dbo_mysql.php, line 122]
2008-11-29 17:25:58 Warning: Warning (2): mysql_get_server_info(): supplied argument is not a valid MySQL-Link resource in [CORE/cake/libs/model/datasources/dbo/dbo_mysql.php, line 130]
2008-11-29 17:25:59 Warning: Warning (2): mysql_connect() [<a href='http://php.net/function.mysql-connect'>function.mysql-connect</a>]: Access denied for user 'synapse'@'localhost' (using password: YES) in [CORE/cake/libs/model/datasources/dbo/dbo_mysql.php, line 117]
2008-11-29 17:25:59 Warning: Warning (2): mysql_select_db(): supplied argument is not a valid MySQL-Link resource in [CORE/cake/libs/model/datasources/dbo/dbo_mysql.php, line 122]
2008-11-29 17:25:59 Warning: Warning (2): mysql_get_server_info(): supplied argument is not a valid MySQL-Link resource in [CORE/cake/libs/model/datasources/dbo/dbo_mysql.php, line 130]
2008-12-01 14:24:40 Warning: Warning (2): unlink(/Data/Code/synapse/www/tmp/cache/persistent/cake_core_core_paths) [<a href='http://php.net/function.unlink'>function.unlink</a>]: No such file or directory in [CORE/cake/libs/file.php, line 278]
2008-12-01 14:24:41 Warning: Warning (2): unlink(/Data/Code/synapse/www/tmp/cache/persistent/cake_core_object_map) [<a href='http://php.net/function.unlink'>function.unlink</a>]: No such file or directory in [CORE/cake/libs/file.php, line 278]
2008-12-01 14:24:42 Warning: Warning (2): unlink(/Data/Code/synapse/www/tmp/cache/models/cake_model_default_synapse_list) [<a href='http://php.net/function.unlink'>function.unlink</a>]: No such file or directory in [CORE/cake/libs/file.php, line 278]
2008-12-01 14:24:43 Warning: Warning (2): unlink(/Data/Code/synapse/www/tmp/cache/models/cake_model_default_products) [<a href='http://php.net/function.unlink'>function.unlink</a>]: No such file or directory in [CORE/cake/libs/file.php, line 278]
2008-12-01 14:24:43 Warning: Warning (2): unlink(/Data/Code/synapse/www/tmp/cache/models/cake_model_default_quotes) [<a href='http://php.net/function.unlink'>function.unlink</a>]: No such file or directory in [CORE/cake/libs/file.php, line 278]
2008-12-01 14:24:43 Warning: Warning (2): unlink(/Data/Code/synapse/www/tmp/cache/models/cake_model_default_contacts) [<a href='http://php.net/function.unlink'>function.unlink</a>]: No such file or directory in [CORE/cake/libs/file.php, line 278]
2008-12-01 14:24:43 Warning: Warning (2): unlink(/Data/Code/synapse/www/tmp/cache/models/cake_model_default_attachments_quotes) [<a href='http://php.net/function.unlink'>function.unlink</a>]: No such file or directory in [CORE/cake/libs/file.php, line 278]
2008-12-01 14:24:44 Warning: Warning (2): unlink(/Data/Code/synapse/www/tmp/cache/models/cake_model_default_products_specs) [<a href='http://php.net/function.unlink'>function.unlink</a>]: No such file or directory in [CORE/cake/libs/file.php, line 278]
2008-12-01 15:53:22 Warning: Warning (2): unlink(/Data/Code/synapse/www/tmp/cache/persistent/cake_core_core_paths) [<a href='http://php.net/function.unlink'>function.unlink</a>]: No such file or directory in [CORE/cake/libs/file.php, line 278]
2008-12-01 15:53:23 Warning: Warning (2): unlink(/Data/Code/synapse/www/tmp/cache/persistent/cake_core_object_map) [<a href='http://php.net/function.unlink'>function.unlink</a>]: No such file or directory in [CORE/cake/libs/file.php, line 278]
2008-12-01 15:53:25 Warning: Warning (2): unlink(/Data/Code/synapse/www/tmp/cache/models/cake_model_default_synapse_list) [<a href='http://php.net/function.unlink'>function.unlink</a>]: No such file or directory in [CORE/cake/libs/file.php, line 278]
2008-12-01 15:53:26 Warning: Warning (2): unlink(/Data/Code/synapse/www/tmp/cache/models/cake_model_default_attachment_file_types) [<a href='http://php.net/function.unlink'>function.unlink</a>]: No such file or directory in [CORE/cake/libs/file.php, line 278]
2008-12-01 15:53:26 Warning: Warning (2): unlink(/Data/Code/synapse/www/tmp/cache/models/cake_model_default_quotes) [<a href='http://php.net/function.unlink'>function.unlink</a>]: No such file or directory in [CORE/cake/libs/file.php, line 278]
2008-12-01 15:53:26 Warning: Warning (2): unlink(/Data/Code/synapse/www/tmp/cache/models/cake_model_default_vendors) [<a href='http://php.net/function.unlink'>function.unlink</a>]: No such file or directory in [CORE/cake/libs/file.php, line 278]
2008-12-01 15:53:26 Warning: Warning (2): unlink(/Data/Code/synapse/www/tmp/cache/models/cake_model_default_users) [<a href='http://php.net/function.unlink'>function.unlink</a>]: No such file or directory in [CORE/cake/libs/file.php, line 278]
2008-12-01 15:53:26 Warning: Warning (2): unlink(/Data/Code/synapse/www/tmp/cache/models/cake_model_default_attachments_quotes) [<a href='http://php.net/function.unlink'>function.unlink</a>]: No such file or directory in [CORE/cake/libs/file.php, line 278]
2008-12-01 15:53:26 Warning: Warning (2): unlink(/Data/Code/synapse/www/tmp/cache/models/cake_model_default_products_product_categories) [<a href='http://php.net/function.unlink'>function.unlink</a>]: No such file or directory in [CORE/cake/libs/file.php, line 278]
2008-12-01 15:53:26 Warning: Warning (2): unlink(/Data/Code/synapse/www/tmp/cache/models/cake_model_default_product_tags) [<a href='http://php.net/function.unlink'>function.unlink</a>]: No such file or directory in [CORE/cake/libs/file.php, line 278]
2008-12-01 15:53:26 Warning: Warning (2): fopen(/Data/Code/synapse/www/tmp/cache/models/cake_model_default_specs) [<a href='http://php.net/function.fopen'>function.fopen</a>]: failed to open stream: No such file or directory in [CORE/cake/libs/file.php, line 146]
2008-12-01 16:57:25 Warning: Warning (2): mysql_connect() [<a href='http://php.net/function.mysql-connect'>function.mysql-connect</a>]: Access denied for user 'synapse'@'localhost' (using password: YES) in [CORE/cake/libs/model/datasources/dbo/dbo_mysql.php, line 117]
2008-12-01 16:57:25 Warning: Warning (2): mysql_select_db(): supplied argument is not a valid MySQL-Link resource in [CORE/cake/libs/model/datasources/dbo/dbo_mysql.php, line 122]
2008-12-01 16:57:25 Warning: Warning (2): mysql_get_server_info(): supplied argument is not a valid MySQL-Link resource in [CORE/cake/libs/model/datasources/dbo/dbo_mysql.php, line 130]
2008-12-01 16:57:25 Warning: Warning (2): mysql_query(): supplied argument is not a valid MySQL-Link resource in [CORE/cake/libs/model/datasources/dbo/dbo_mysql.php, line 152]
2008-12-01 16:57:34 Warning: Warning (2): mysql_connect() [<a href='http://php.net/function.mysql-connect'>function.mysql-connect</a>]: Access denied for user 'synapse'@'localhost' (using password: YES) in [CORE/cake/libs/model/datasources/dbo/dbo_mysql.php, line 117]
2008-12-01 16:57:34 Warning: Warning (2): mysql_select_db(): supplied argument is not a valid MySQL-Link resource in [CORE/cake/libs/model/datasources/dbo/dbo_mysql.php, line 122]
2008-12-01 16:57:34 Warning: Warning (2): mysql_get_server_info(): supplied argument is not a valid MySQL-Link resource in [CORE/cake/libs/model/datasources/dbo/dbo_mysql.php, line 130]
2008-12-01 17:11:09 Warning: Warning (512): <span style = "color:Red;text-align:left"><b>SQL Error:</b> 1051: Unknown table 'Attachment'</span> in [CORE/cake/libs/model/datasources/dbo_source.php, line 512]
2008-12-01 17:13:07 Warning: Warning (512): <span style = "color:Red;text-align:left"><b>SQL Error:</b> 1051: Unknown table 'Attachment'</span> in [CORE/cake/libs/model/datasources/dbo_source.php, line 512]
2008-12-01 17:13:42 Warning: Warning (512): <span style = "color:Red;text-align:left"><b>SQL Error:</b> 1051: Unknown table 'Attachment'</span> in [CORE/cake/libs/model/datasources/dbo_source.php, line 512]
2008-12-01 17:13:43 Warning: Warning (512): <span style = "color:Red;text-align:left"><b>SQL Error:</b> 1051: Unknown table 'Attachment'</span> in [CORE/cake/libs/model/datasources/dbo_source.php, line 512]
2008-12-01 17:13:44 Warning: Warning (512): <span style = "color:Red;text-align:left"><b>SQL Error:</b> 1051: Unknown table 'Attachment'</span> in [CORE/cake/libs/model/datasources/dbo_source.php, line 512]
2008-12-19 15:40:53 Warning: Warning (2): mysql_connect() [<a href='http://php.net/function.mysql-connect'>function.mysql-connect</a>]: Access denied for user 'synapse'@'localhost' (using password: YES) in [CORE/cake/libs/model/datasources/dbo/dbo_mysql.php, line 117]
2008-12-19 15:40:53 Warning: Warning (2): mysql_select_db(): supplied argument is not a valid MySQL-Link resource in [CORE/cake/libs/model/datasources/dbo/dbo_mysql.php, line 122]
2008-12-19 15:40:53 Warning: Warning (2): mysql_get_server_info(): supplied argument is not a valid MySQL-Link resource in [CORE/cake/libs/model/datasources/dbo/dbo_mysql.php, line 130]
2008-12-19 15:40:53 Warning: Warning (2): mysql_query(): supplied argument is not a valid MySQL-Link resource in [CORE/cake/libs/model/datasources/dbo/dbo_mysql.php, line 152]
2008-12-19 15:41:31 Warning: Warning (2): mysql_connect() [<a href='http://php.net/function.mysql-connect'>function.mysql-connect</a>]: Access denied for user 'synapse'@'localhost' (using password: YES) in [CORE/cake/libs/model/datasources/dbo/dbo_mysql.php, line 117]
2008-12-19 15:41:31 Warning: Warning (2): mysql_select_db(): supplied argument is not a valid MySQL-Link resource in [CORE/cake/libs/model/datasources/dbo/dbo_mysql.php, line 122]
2008-12-19 15:41:31 Warning: Warning (2): mysql_get_server_info(): supplied argument is not a valid MySQL-Link resource in [CORE/cake/libs/model/datasources/dbo/dbo_mysql.php, line 130]
2008-12-19 15:41:31 Warning: Warning (2): mysql_query(): supplied argument is not a valid MySQL-Link resource in [CORE/cake/libs/model/datasources/dbo/dbo_mysql.php, line 152]
2008-12-19 15:41:40 Warning: Warning (2): mysql_connect() [<a href='http://php.net/function.mysql-connect'>function.mysql-connect</a>]: Access denied for user 'synapse'@'localhost' (using password: YES) in [CORE/cake/libs/model/datasources/dbo/dbo_mysql.php, line 117]
2008-12-19 15:41:40 Warning: Warning (2): mysql_select_db(): supplied argument is not a valid MySQL-Link resource in [CORE/cake/libs/model/datasources/dbo/dbo_mysql.php, line 122]
2008-12-19 15:41:40 Warning: Warning (2): mysql_get_server_info(): supplied argument is not a valid MySQL-Link resource in [CORE/cake/libs/model/datasources/dbo/dbo_mysql.php, line 130]
2008-12-19 15:41:40 Warning: Warning (2): mysql_query(): supplied argument is not a valid MySQL-Link resource in [CORE/cake/libs/model/datasources/dbo/dbo_mysql.php, line 152]
2008-12-19 15:41:50 Warning: Warning (2): mysql_connect() [<a href='http://php.net/function.mysql-connect'>function.mysql-connect</a>]: Access denied for user 'synapse'@'localhost' (using password: YES) in [CORE/cake/libs/model/datasources/dbo/dbo_mysql.php, line 117]
2008-12-19 15:41:50 Warning: Warning (2): mysql_select_db(): supplied argument is not a valid MySQL-Link resource in [CORE/cake/libs/model/datasources/dbo/dbo_mysql.php, line 122]
2008-12-19 15:41:50 Warning: Warning (2): mysql_get_server_info(): supplied argument is not a valid MySQL-Link resource in [CORE/cake/libs/model/datasources/dbo/dbo_mysql.php, line 130]
2008-12-19 15:41:50 Warning: Warning (2): mysql_query(): supplied argument is not a valid MySQL-Link resource in [CORE/cake/libs/model/datasources/dbo/dbo_mysql.php, line 152]
2008-12-19 15:41:52 Warning: Warning (2): mysql_connect() [<a href='http://php.net/function.mysql-connect'>function.mysql-connect</a>]: Access denied for user 'synapse'@'localhost' (using password: YES) in [CORE/cake/libs/model/datasources/dbo/dbo_mysql.php, line 117]
2008-12-19 15:41:52 Warning: Warning (2): mysql_select_db(): supplied argument is not a valid MySQL-Link resource in [CORE/cake/libs/model/datasources/dbo/dbo_mysql.php, line 122]
2008-12-19 15:41:52 Warning: Warning (2): mysql_get_server_info(): supplied argument is not a valid MySQL-Link resource in [CORE/cake/libs/model/datasources/dbo/dbo_mysql.php, line 130]
2008-12-19 15:41:52 Warning: Warning (2): mysql_query(): supplied argument is not a valid MySQL-Link resource in [CORE/cake/libs/model/datasources/dbo/dbo_mysql.php, line 152]
2008-12-19 15:42:21 Warning: Warning (2): mysql_connect() [<a href='http://php.net/function.mysql-connect'>function.mysql-connect</a>]: Access denied for user 'synapse'@'localhost' (using password: YES) in [CORE/cake/libs/model/datasources/dbo/dbo_mysql.php, line 117]
2008-12-19 15:42:21 Warning: Warning (2): mysql_select_db(): supplied argument is not a valid MySQL-Link resource in [CORE/cake/libs/model/datasources/dbo/dbo_mysql.php, line 122]
2008-12-19 15:42:21 Warning: Warning (2): mysql_get_server_info(): supplied argument is not a valid MySQL-Link resource in [CORE/cake/libs/model/datasources/dbo/dbo_mysql.php, line 130]
2008-12-19 15:42:21 Warning: Warning (2): mysql_query(): supplied argument is not a valid MySQL-Link resource in [CORE/cake/libs/model/datasources/dbo/dbo_mysql.php, line 152]
2008-12-19 15:43:07 Warning: Warning (2): mysql_connect() [<a href='http://php.net/function.mysql-connect'>function.mysql-connect</a>]: Access denied for user 'synapse'@'localhost' (using password: YES) in [CORE/cake/libs/model/datasources/dbo/dbo_mysql.php, line 117]
2008-12-19 15:43:07 Warning: Warning (2): mysql_select_db(): supplied argument is not a valid MySQL-Link resource in [CORE/cake/libs/model/datasources/dbo/dbo_mysql.php, line 122]
2008-12-19 15:43:07 Warning: Warning (2): mysql_get_server_info(): supplied argument is not a valid MySQL-Link resource in [CORE/cake/libs/model/datasources/dbo/dbo_mysql.php, line 130]
2008-12-19 15:43:07 Warning: Warning (2): mysql_query(): supplied argument is not a valid MySQL-Link resource in [CORE/cake/libs/model/datasources/dbo/dbo_mysql.php, line 152]
2008-12-19 15:45:14 Warning: Warning (2): mysql_connect() [<a href='http://php.net/function.mysql-connect'>function.mysql-connect</a>]: Access denied for user 'synapse'@'localhost' (using password: YES) in [CORE/cake/libs/model/datasources/dbo/dbo_mysql.php, line 117]
2008-12-19 15:45:14 Warning: Warning (2): mysql_select_db(): supplied argument is not a valid MySQL-Link resource in [CORE/cake/libs/model/datasources/dbo/dbo_mysql.php, line 122]
2008-12-19 15:45:14 Warning: Warning (2): mysql_get_server_info(): supplied argument is not a valid MySQL-Link resource in [CORE/cake/libs/model/datasources/dbo/dbo_mysql.php, line 130]
2008-12-19 15:45:14 Warning: Warning (2): mysql_query(): supplied argument is not a valid MySQL-Link resource in [CORE/cake/libs/model/datasources/dbo/dbo_mysql.php, line 152]
2008-12-19 15:45:16 Warning: Warning (2): mysql_connect() [<a href='http://php.net/function.mysql-connect'>function.mysql-connect</a>]: Access denied for user 'synapse'@'localhost' (using password: YES) in [CORE/cake/libs/model/datasources/dbo/dbo_mysql.php, line 117]
2008-12-19 15:45:16 Warning: Warning (2): mysql_select_db(): supplied argument is not a valid MySQL-Link resource in [CORE/cake/libs/model/datasources/dbo/dbo_mysql.php, line 122]
2008-12-19 15:45:16 Warning: Warning (2): mysql_get_server_info(): supplied argument is not a valid MySQL-Link resource in [CORE/cake/libs/model/datasources/dbo/dbo_mysql.php, line 130]
2008-12-19 15:45:16 Warning: Warning (2): mysql_query(): supplied argument is not a valid MySQL-Link resource in [CORE/cake/libs/model/datasources/dbo/dbo_mysql.php, line 152]
2008-12-19 15:45:56 Warning: Warning (2): mysql_connect() [<a href='http://php.net/function.mysql-connect'>function.mysql-connect</a>]: Access denied for user 'synapse'@'localhost' (using password: YES) in [CORE/cake/libs/model/datasources/dbo/dbo_mysql.php, line 117]
2008-12-19 15:45:56 Warning: Warning (2): mysql_select_db(): supplied argument is not a valid MySQL-Link resource in [CORE/cake/libs/model/datasources/dbo/dbo_mysql.php, line 122]
2008-12-19 15:45:56 Warning: Warning (2): mysql_get_server_info(): supplied argument is not a valid MySQL-Link resource in [CORE/cake/libs/model/datasources/dbo/dbo_mysql.php, line 130]
2008-12-19 15:45:56 Warning: Warning (2): mysql_query(): supplied argument is not a valid MySQL-Link resource in [CORE/cake/libs/model/datasources/dbo/dbo_mysql.php, line 152]
2008-12-19 15:45:57 Warning: Warning (2): mysql_connect() [<a href='http://php.net/function.mysql-connect'>function.mysql-connect</a>]: Access denied for user 'synapse'@'localhost' (using password: YES) in [CORE/cake/libs/model/datasources/dbo/dbo_mysql.php, line 117]
2008-12-19 15:45:57 Warning: Warning (2): mysql_select_db(): supplied argument is not a valid MySQL-Link resource in [CORE/cake/libs/model/datasources/dbo/dbo_mysql.php, line 122]
2008-12-19 15:45:57 Warning: Warning (2): mysql_get_server_info(): supplied argument is not a valid MySQL-Link resource in [CORE/cake/libs/model/datasources/dbo/dbo_mysql.php, line 130]
2008-12-19 15:45:57 Warning: Warning (2): mysql_query(): supplied argument is not a valid MySQL-Link resource in [CORE/cake/libs/model/datasources/dbo/dbo_mysql.php, line 152]
2008-12-19 16:55:44 Warning: Warning (2): mysql_connect() [<a href='http://php.net/function.mysql-connect'>function.mysql-connect</a>]: Access denied for user 'synapse'@'localhost' (using password: YES) in [CORE/cake/libs/model/datasources/dbo/dbo_mysql.php, line 117]
2008-12-19 16:55:44 Warning: Warning (2): mysql_select_db(): supplied argument is not a valid MySQL-Link resource in [CORE/cake/libs/model/datasources/dbo/dbo_mysql.php, line 122]
2008-12-19 16:55:44 Warning: Warning (2): mysql_get_server_info(): supplied argument is not a valid MySQL-Link resource in [CORE/cake/libs/model/datasources/dbo/dbo_mysql.php, line 130]
2008-12-19 16:55:44 Warning: Warning (2): mysql_query(): supplied argument is not a valid MySQL-Link resource in [CORE/cake/libs/model/datasources/dbo/dbo_mysql.php, line 152]
2008-12-19 16:55:46 Warning: Warning (2): mysql_connect() [<a href='http://php.net/function.mysql-connect'>function.mysql-connect</a>]: Access denied for user 'synapse'@'localhost' (using password: YES) in [CORE/cake/libs/model/datasources/dbo/dbo_mysql.php, line 117]
2008-12-19 16:55:46 Warning: Warning (2): mysql_select_db(): supplied argument is not a valid MySQL-Link resource in [CORE/cake/libs/model/datasources/dbo/dbo_mysql.php, line 122]
2008-12-19 16:55:46 Warning: Warning (2): mysql_get_server_info(): supplied argument is not a valid MySQL-Link resource in [CORE/cake/libs/model/datasources/dbo/dbo_mysql.php, line 130]
2008-12-19 16:55:46 Warning: Warning (2): mysql_query(): supplied argument is not a valid MySQL-Link resource in [CORE/cake/libs/model/datasources/dbo/dbo_mysql.php, line 152]
2008-12-19 16:55:47 Warning: Warning (2): mysql_connect() [<a href='http://php.net/function.mysql-connect'>function.mysql-connect</a>]: Access denied for user 'synapse'@'localhost' (using password: YES) in [CORE/cake/libs/model/datasources/dbo/dbo_mysql.php, line 117]
2008-12-19 16:55:47 Warning: Warning (2): mysql_select_db(): supplied argument is not a valid MySQL-Link resource in [CORE/cake/libs/model/datasources/dbo/dbo_mysql.php, line 122]
2008-12-19 16:55:47 Warning: Warning (2): mysql_get_server_info(): supplied argument is not a valid MySQL-Link resource in [CORE/cake/libs/model/datasources/dbo/dbo_mysql.php, line 130]
2008-12-19 16:55:47 Warning: Warning (2): mysql_query(): supplied argument is not a valid MySQL-Link resource in [CORE/cake/libs/model/datasources/dbo/dbo_mysql.php, line 152]
2008-12-19 16:55:59 Warning: Warning (2): mysql_connect() [<a href='http://php.net/function.mysql-connect'>function.mysql-connect</a>]: Access denied for user 'synapse'@'localhost' (using password: YES) in [CORE/cake/libs/model/datasources/dbo/dbo_mysql.php, line 117]
2008-12-19 16:55:59 Warning: Warning (2): mysql_select_db(): supplied argument is not a valid MySQL-Link resource in [CORE/cake/libs/model/datasources/dbo/dbo_mysql.php, line 122]
2008-12-19 16:55:59 Warning: Warning (2): mysql_get_server_info(): supplied argument is not a valid MySQL-Link resource in [CORE/cake/libs/model/datasources/dbo/dbo_mysql.php, line 130]
2008-12-19 16:55:59 Warning: Warning (2): mysql_query(): supplied argument is not a valid MySQL-Link resource in [CORE/cake/libs/model/datasources/dbo/dbo_mysql.php, line 152]
2008-12-19 16:56:02 Warning: Warning (2): mysql_connect() [<a href='http://php.net/function.mysql-connect'>function.mysql-connect</a>]: Access denied for user 'synapse'@'localhost' (using password: YES) in [CORE/cake/libs/model/datasources/dbo/dbo_mysql.php, line 117]
2008-12-19 16:56:02 Warning: Warning (2): mysql_select_db(): supplied argument is not a valid MySQL-Link resource in [CORE/cake/libs/model/datasources/dbo/dbo_mysql.php, line 122]
2008-12-19 16:56:02 Warning: Warning (2): mysql_get_server_info(): supplied argument is not a valid MySQL-Link resource in [CORE/cake/libs/model/datasources/dbo/dbo_mysql.php, line 130]
2008-12-19 16:56:02 Warning: Warning (2): mysql_query(): supplied argument is not a valid MySQL-Link resource in [CORE/cake/libs/model/datasources/dbo/dbo_mysql.php, line 152]
2012-02-06 09:36:40 Warning: Warning (2): unlink(/Users/gr4yscale/Code/synapse/synapse/tmp/cache/models/cake_model_default_attachments) [<a href='http://php.net/function.unlink'>function.unlink</a>]: No such file or directory in [CORE/cake/libs/file.php, line 278]
2012-02-06 09:36:40 Warning: Warning (2): fopen(/Users/gr4yscale/Code/synapse/synapse/tmp/cache/models/cake_model_default_attachments_products) [<a href='http://php.net/function.fopen'>function.fopen</a>]: failed to open stream: No such file or directory in [CORE/cake/libs/file.php, line 146]
2012-02-06 09:36:40 Warning: Warning (2): unlink(/Users/gr4yscale/Code/synapse/synapse/tmp/cache/models/cake_model_default_product_categories) [<a href='http://php.net/function.unlink'>function.unlink</a>]: No such file or directory in [CORE/cake/libs/file.php, line 278]
2012-02-06 09:36:40 Warning: Warning (2): unlink(/Users/gr4yscale/Code/synapse/synapse/tmp/cache/models/cake_model_default_product_categories) [<a href='http://php.net/function.unlink'>function.unlink</a>]: No such file or directory in [CORE/cake/libs/file.php, line 278]
2012-02-06 09:43:22 Warning: Warning (2): mysql_connect() [<a href='http://php.net/function.mysql-connect'>function.mysql-connect</a>]: Access denied for user 'synapse'@'localhost' (using password: YES) in [CORE/cake/libs/model/datasources/dbo/dbo_mysql.php, line 117]
2012-02-06 09:43:22 Warning: Warning (2): mysql_select_db(): supplied argument is not a valid MySQL-Link resource in [CORE/cake/libs/model/datasources/dbo/dbo_mysql.php, line 122]
2012-02-06 09:43:22 Warning: Warning (2): mysql_get_server_info(): supplied argument is not a valid MySQL-Link resource in [CORE/cake/libs/model/datasources/dbo/dbo_mysql.php, line 130]
2012-02-06 09:43:22 Warning: Warning (2): mysql_query(): supplied argument is not a valid MySQL-Link resource in [CORE/cake/libs/model/datasources/dbo/dbo_mysql.php, line 152]
2012-02-06 09:43:30 Warning: Warning (2): mysql_connect() [<a href='http://php.net/function.mysql-connect'>function.mysql-connect</a>]: Access denied for user 'synapse'@'localhost' (using password: YES) in [CORE/cake/libs/model/datasources/dbo/dbo_mysql.php, line 117]
2012-02-06 09:43:30 Warning: Warning (2): mysql_select_db(): supplied argument is not a valid MySQL-Link resource in [CORE/cake/libs/model/datasources/dbo/dbo_mysql.php, line 122]
2012-02-06 09:43:30 Warning: Warning (2): mysql_get_server_info(): supplied argument is not a valid MySQL-Link resource in [CORE/cake/libs/model/datasources/dbo/dbo_mysql.php, line 130]
2012-02-06 09:43:30 Warning: Warning (2): mysql_query(): supplied argument is not a valid MySQL-Link resource in [CORE/cake/libs/model/datasources/dbo/dbo_mysql.php, line 152]
2012-02-06 09:43:32 Warning: Warning (2): mysql_connect() [<a href='http://php.net/function.mysql-connect'>function.mysql-connect</a>]: Access denied for user 'synapse'@'localhost' (using password: YES) in [CORE/cake/libs/model/datasources/dbo/dbo_mysql.php, line 117]
2012-02-06 09:43:32 Warning: Warning (2): mysql_select_db(): supplied argument is not a valid MySQL-Link resource in [CORE/cake/libs/model/datasources/dbo/dbo_mysql.php, line 122]
2012-02-06 09:43:32 Warning: Warning (2): mysql_get_server_info(): supplied argument is not a valid MySQL-Link resource in [CORE/cake/libs/model/datasources/dbo/dbo_mysql.php, line 130]
2012-02-06 09:43:32 Warning: Warning (2): mysql_query(): supplied argument is not a valid MySQL-Link resource in [CORE/cake/libs/model/datasources/dbo/dbo_mysql.php, line 152]
2012-02-06 09:44:50 Warning: Warning (2): mysql_connect() [<a href='http://php.net/function.mysql-connect'>function.mysql-connect</a>]: Access denied for user 'synapse'@'localhost' (using password: YES) in [CORE/cake/libs/model/datasources/dbo/dbo_mysql.php, line 117]
2012-02-06 09:44:50 Warning: Warning (2): mysql_select_db(): supplied argument is not a valid MySQL-Link resource in [CORE/cake/libs/model/datasources/dbo/dbo_mysql.php, line 122]
2012-02-06 09:44:50 Warning: Warning (2): mysql_get_server_info(): supplied argument is not a valid MySQL-Link resource in [CORE/cake/libs/model/datasources/dbo/dbo_mysql.php, line 130]
2012-02-06 09:44:50 Warning: Warning (2): mysql_query(): supplied argument is not a valid MySQL-Link resource in [CORE/cake/libs/model/datasources/dbo/dbo_mysql.php, line 152]
2012-02-06 09:45:23 Warning: Warning (2): mysql_connect() [<a href='http://php.net/function.mysql-connect'>function.mysql-connect</a>]: Access denied for user 'synapse'@'localhost' (using password: YES) in [CORE/cake/libs/model/datasources/dbo/dbo_mysql.php, line 117]
2012-02-06 09:45:23 Warning: Warning (2): mysql_select_db(): supplied argument is not a valid MySQL-Link resource in [CORE/cake/libs/model/datasources/dbo/dbo_mysql.php, line 122]
2012-02-06 09:45:23 Warning: Warning (2): mysql_get_server_info(): supplied argument is not a valid MySQL-Link resource in [CORE/cake/libs/model/datasources/dbo/dbo_mysql.php, line 130]
2012-02-06 09:45:23 Warning: Warning (2): mysql_query(): supplied argument is not a valid MySQL-Link resource in [CORE/cake/libs/model/datasources/dbo/dbo_mysql.php, line 152]
